# JRE version: OpenJDK Runtime Environment (17.0.11) (build 17.0.11+0--11852314)
# Java VM: OpenJDK 64-Bit Server VM (17.0.11+0--11852314, mixed mode, tiered, compressed oops, compressed class ptrs, g1 gc, windows-amd64)
GC Precious Log:
 CPUs: 16 total, 16 available
 Memory: 7860M
 Large Page Support: Disabled
 NUMA Support: Disabled
 Compressed Oops: Enabled (32-bit)
 Heap Region Size: 1M
 Heap Min Capacity: 8M
 Heap Initial Capacity: 124M
 Heap Max Capacity: 2G
 Pre-touch: Disabled
 Parallel Workers: 13
 Concurrent Workers: 3
 Concurrent Refinement Workers: 13
 Periodic GC: Disabled
Heap:
 garbage-first heap   total 311296K, used 230216K [0x0000000080000000, 0x0000000100000000)
  region size 1024K, 61 young (62464K), 8 survivors (8192K)
 Metaspace       used 130184K, committed 131264K, reserved 1179648K
  class space    used 17089K, committed 17600K, reserved 1048576K
GC Heap History (20 events):
Event: 54.842 GC heap before
{Heap before GC invocations=30 (full 0):
 garbage-first heap   total 311296K, used 151558K [0x0000000080000000, 0x0000000100000000)
  region size 1024K, 15 young (15360K), 12 survivors (12288K)
 Metaspace       used 120439K, committed 121344K, reserved 1179648K
  class space    used 15921K, committed 16384K, reserved 1048576K
}
Event: 54.855 GC heap after
{Heap after GC invocations=31 (full 0):
 garbage-first heap   total 311296K, used 146695K [0x0000000080000000, 0x0000000100000000)
  region size 1024K, 2 young (2048K), 2 survivors (2048K)
 Metaspace       used 120439K, committed 121344K, reserved 1179648K
  class space    used 15921K, committed 16384K, reserved 1048576K
}
Event: 56.223 GC heap before
{Heap before GC invocations=31 (full 0):
 garbage-first heap   total 311296K, used 250119K [0x0000000080000000, 0x0000000100000000)
  region size 1024K, 103 young (105472K), 2 survivors (2048K)
 Metaspace       used 120439K, committed 121344K, reserved 1179648K
  class space    used 15921K, committed 16384K, reserved 1048576K
}
Event: 56.231 GC heap after
{Heap after GC invocations=32 (full 0):
 garbage-first heap   total 311296K, used 150575K [0x0000000080000000, 0x0000000100000000)
  region size 1024K, 6 young (6144K), 6 survivors (6144K)
 Metaspace       used 120439K, committed 121344K, reserved 1179648K
  class space    used 15921K, committed 16384K, reserved 1048576K
}
Event: 58.367 GC heap before
{Heap before GC invocations=32 (full 0):
 garbage-first heap   total 311296K, used 252975K [0x0000000080000000, 0x0000000100000000)
  region size 1024K, 106 young (108544K), 6 survivors (6144K)
 Metaspace       used 120444K, committed 121344K, reserved 1179648K
  class space    used 15922K, committed 16384K, reserved 1048576K
}
Event: 58.390 GC heap after
{Heap after GC invocations=33 (full 0):
 garbage-first heap   total 311296K, used 154225K [0x0000000080000000, 0x0000000100000000)
  region size 1024K, 10 young (10240K), 10 survivors (10240K)
 Metaspace       used 120444K, committed 121344K, reserved 1179648K
  class space    used 15922K, committed 16384K, reserved 1048576K
}
Event: 61.098 GC heap before
{Heap before GC invocations=33 (full 0):
 garbage-first heap   total 311296K, used 254577K [0x0000000080000000, 0x0000000100000000)
  region size 1024K, 108 young (110592K), 10 survivors (10240K)
 Metaspace       used 120447K, committed 121344K, reserved 1179648K
  class space    used 15922K, committed 16384K, reserved 1048576K
}
Event: 61.146 GC heap after
{Heap after GC invocations=34 (full 0):
 garbage-first heap   total 311296K, used 158086K [0x0000000080000000, 0x0000000100000000)
  region size 1024K, 10 young (10240K), 10 survivors (10240K)
 Metaspace       used 120447K, committed 121344K, reserved 1179648K
  class space    used 15922K, committed 16384K, reserved 1048576K
}
Event: 62.939 GC heap before
{Heap before GC invocations=34 (full 0):
 garbage-first heap   total 311296K, used 256390K [0x0000000080000000, 0x0000000100000000)
  region size 1024K, 106 young (108544K), 10 survivors (10240K)
 Metaspace       used 120448K, committed 121344K, reserved 1179648K
  class space    used 15922K, committed 16384K, reserved 1048576K
}
Event: 62.952 GC heap after
{Heap after GC invocations=35 (full 0):
 garbage-first heap   total 311296K, used 162620K [0x0000000080000000, 0x0000000100000000)
  region size 1024K, 10 young (10240K), 10 survivors (10240K)
 Metaspace       used 120448K, committed 121344K, reserved 1179648K
  class space    used 15922K, committed 16384K, reserved 1048576K
}
Event: 64.025 GC heap before
{Heap before GC invocations=35 (full 0):
 garbage-first heap   total 311296K, used 258876K [0x0000000080000000, 0x0000000100000000)
  region size 1024K, 104 young (106496K), 10 survivors (10240K)
 Metaspace       used 120448K, committed 121344K, reserved 1179648K
  class space    used 15922K, committed 16384K, reserved 1048576K
}
Event: 64.041 GC heap after
{Heap after GC invocations=36 (full 0):
 garbage-first heap   total 311296K, used 166594K [0x0000000080000000, 0x0000000100000000)
  region size 1024K, 10 young (10240K), 10 survivors (10240K)
 Metaspace       used 120448K, committed 121344K, reserved 1179648K
  class space    used 15922K, committed 16384K, reserved 1048576K
}
Event: 66.539 GC heap before
{Heap before GC invocations=36 (full 0):
 garbage-first heap   total 311296K, used 258754K [0x0000000080000000, 0x0000000100000000)
  region size 1024K, 101 young (103424K), 10 survivors (10240K)
 Metaspace       used 120622K, committed 121536K, reserved 1179648K
  class space    used 15943K, committed 16384K, reserved 1048576K
}
Event: 66.558 GC heap after
{Heap after GC invocations=37 (full 0):
 garbage-first heap   total 311296K, used 170734K [0x0000000080000000, 0x0000000100000000)
  region size 1024K, 10 young (10240K), 10 survivors (10240K)
 Metaspace       used 120622K, committed 121536K, reserved 1179648K
  class space    used 15943K, committed 16384K, reserved 1048576K
}
Event: 1521.763 GC heap before
{Heap before GC invocations=37 (full 0):
 garbage-first heap   total 311296K, used 258798K [0x0000000080000000, 0x0000000100000000)
  region size 1024K, 97 young (99328K), 10 survivors (10240K)
 Metaspace       used 126196K, committed 127168K, reserved 1179648K
  class space    used 16502K, committed 16960K, reserved 1048576K
}
Event: 1522.084 GC heap after
{Heap after GC invocations=38 (full 0):
 garbage-first heap   total 311296K, used 172685K [0x0000000080000000, 0x0000000100000000)
  region size 1024K, 8 young (8192K), 8 survivors (8192K)
 Metaspace       used 126196K, committed 127168K, reserved 1179648K
  class space    used 16502K, committed 16960K, reserved 1048576K
}
Event: 6431.762 GC heap before
{Heap before GC invocations=38 (full 0):
 garbage-first heap   total 311296K, used 262797K [0x0000000080000000, 0x0000000100000000)
  region size 1024K, 96 young (98304K), 8 survivors (8192K)
 Metaspace       used 126265K, committed 127232K, reserved 1179648K
  class space    used 16502K, committed 16960K, reserved 1048576K
}
Event: 6431.852 GC heap after
{Heap after GC invocations=39 (full 0):
 garbage-first heap   total 311296K, used 172847K [0x0000000080000000, 0x0000000100000000)
  region size 1024K, 3 young (3072K), 3 survivors (3072K)
 Metaspace       used 126265K, committed 127232K, reserved 1179648K
  class space    used 16502K, committed 16960K, reserved 1048576K
}
Event: 7635.055 GC heap before
{Heap before GC invocations=39 (full 0):
 garbage-first heap   total 311296K, used 265007K [0x0000000080000000, 0x0000000100000000)
  region size 1024K, 93 young (95232K), 3 survivors (3072K)
 Metaspace       used 128129K, committed 129216K, reserved 1179648K
  class space    used 16763K, committed 17280K, reserved 1048576K
}
Event: 7635.076 GC heap after
{Heap after GC invocations=40 (full 0):
 garbage-first heap   total 311296K, used 177992K [0x0000000080000000, 0x0000000100000000)
  region size 1024K, 8 young (8192K), 8 survivors (8192K)
 Metaspace       used 128129K, committed 129216K, reserved 1179648K
  class space    used 16763K, committed 17280K, reserved 1048576K
}

