# JRE version: OpenJDK Runtime Environment (17.0.11) (build 17.0.11+0--11852314)
# Java VM: OpenJDK 64-Bit Server VM (17.0.11+0--11852314, mixed mode, tiered, compressed oops, compressed class ptrs, g1 gc, windows-amd64)
GC Precious Log:
 CPUs: 16 total, 16 available
 Memory: 7860M
 Large Page Support: Disabled
 NUMA Support: Disabled
 Compressed Oops: Enabled (32-bit)
 Heap Region Size: 1M
 Heap Min Capacity: 8M
 Heap Initial Capacity: 124M
 Heap Max Capacity: 2G
 Pre-touch: Disabled
 Parallel Workers: 13
 Concurrent Workers: 3
 Concurrent Refinement Workers: 13
 Periodic GC: Disabled
Heap:
 garbage-first heap   total 245760K, used 117990K [0x0000000080000000, 0x0000000100000000)
  region size 1024K, 53 young (54272K), 5 survivors (5120K)
 Metaspace       used 89225K, committed 89920K, reserved 1179648K
  class space    used 12265K, committed 12608K, reserved 1048576K
GC Heap History (20 events):
Event: 6.079 GC heap before
{Heap before GC invocations=12 (full 0):
 garbage-first heap   total 86016K, used 67624K [0x0000000080000000, 0x0000000100000000)
  region size 1024K, 37 young (37888K), 4 survivors (4096K)
 Metaspace       used 53687K, committed 54144K, reserved 1114112K
  class space    used 7354K, committed 7552K, reserved 1048576K
}
Event: 6.082 GC heap after
{Heap after GC invocations=13 (full 0):
 garbage-first heap   total 86016K, used 34385K [0x0000000080000000, 0x0000000100000000)
  region size 1024K, 4 young (4096K), 4 survivors (4096K)
 Metaspace       used 53687K, committed 54144K, reserved 1114112K
  class space    used 7354K, committed 7552K, reserved 1048576K
}
Event: 6.806 GC heap before
{Heap before GC invocations=13 (full 0):
 garbage-first heap   total 86016K, used 67153K [0x0000000080000000, 0x0000000100000000)
  region size 1024K, 36 young (36864K), 4 survivors (4096K)
 Metaspace       used 56362K, committed 56896K, reserved 1114112K
  class space    used 7708K, committed 7936K, reserved 1048576K
}
Event: 6.810 GC heap after
{Heap after GC invocations=14 (full 0):
 garbage-first heap   total 86016K, used 37757K [0x0000000080000000, 0x0000000100000000)
  region size 1024K, 5 young (5120K), 5 survivors (5120K)
 Metaspace       used 56362K, committed 56896K, reserved 1114112K
  class space    used 7708K, committed 7936K, reserved 1048576K
}
Event: 7.094 GC heap before
{Heap before GC invocations=14 (full 0):
 garbage-first heap   total 86016K, used 66429K [0x0000000080000000, 0x0000000100000000)
  region size 1024K, 34 young (34816K), 5 survivors (5120K)
 Metaspace       used 57004K, committed 57536K, reserved 1114112K
  class space    used 7772K, committed 8064K, reserved 1048576K
}
Event: 7.101 GC heap after
{Heap after GC invocations=15 (full 0):
 garbage-first heap   total 86016K, used 40491K [0x0000000080000000, 0x0000000100000000)
  region size 1024K, 4 young (4096K), 4 survivors (4096K)
 Metaspace       used 57004K, committed 57536K, reserved 1114112K
  class space    used 7772K, committed 8064K, reserved 1048576K
}
Event: 7.138 GC heap before
{Heap before GC invocations=15 (full 0):
 garbage-first heap   total 86016K, used 41515K [0x0000000080000000, 0x0000000100000000)
  region size 1024K, 6 young (6144K), 4 survivors (4096K)
 Metaspace       used 57068K, committed 57664K, reserved 1114112K
  class space    used 7774K, committed 8064K, reserved 1048576K
}
Event: 7.149 GC heap after
{Heap after GC invocations=16 (full 0):
 garbage-first heap   total 118784K, used 41043K [0x0000000080000000, 0x0000000100000000)
  region size 1024K, 1 young (1024K), 1 survivors (1024K)
 Metaspace       used 57068K, committed 57664K, reserved 1114112K
  class space    used 7774K, committed 8064K, reserved 1048576K
}
Event: 7.696 GC heap before
{Heap before GC invocations=16 (full 0):
 garbage-first heap   total 118784K, used 88147K [0x0000000080000000, 0x0000000100000000)
  region size 1024K, 42 young (43008K), 1 survivors (1024K)
 Metaspace       used 59740K, committed 60288K, reserved 1114112K
  class space    used 8146K, committed 8448K, reserved 1048576K
}
Event: 7.708 GC heap after
{Heap after GC invocations=17 (full 0):
 garbage-first heap   total 118784K, used 53212K [0x0000000080000000, 0x0000000100000000)
  region size 1024K, 7 young (7168K), 7 survivors (7168K)
 Metaspace       used 59740K, committed 60288K, reserved 1114112K
  class space    used 8146K, committed 8448K, reserved 1048576K
}
Event: 8.124 GC heap before
{Heap before GC invocations=18 (full 0):
 garbage-first heap   total 118784K, used 93148K [0x0000000080000000, 0x0000000100000000)
  region size 1024K, 46 young (47104K), 7 survivors (7168K)
 Metaspace       used 63663K, committed 64192K, reserved 1114112K
  class space    used 8596K, committed 8832K, reserved 1048576K
}
Event: 8.134 GC heap after
{Heap after GC invocations=19 (full 0):
 garbage-first heap   total 118784K, used 53820K [0x0000000080000000, 0x0000000100000000)
  region size 1024K, 1 young (1024K), 1 survivors (1024K)
 Metaspace       used 63663K, committed 64192K, reserved 1114112K
  class space    used 8596K, committed 8832K, reserved 1048576K
}
Event: 8.166 GC heap before
{Heap before GC invocations=19 (full 0):
 garbage-first heap   total 118784K, used 56892K [0x0000000080000000, 0x0000000100000000)
  region size 1024K, 5 young (5120K), 1 survivors (1024K)
 Metaspace       used 64067K, committed 64640K, reserved 1114112K
  class space    used 8620K, committed 8832K, reserved 1048576K
}
Event: 8.169 GC heap after
{Heap after GC invocations=20 (full 0):
 garbage-first heap   total 118784K, used 53695K [0x0000000080000000, 0x0000000100000000)
  region size 1024K, 1 young (1024K), 1 survivors (1024K)
 Metaspace       used 64067K, committed 64640K, reserved 1114112K
  class space    used 8620K, committed 8832K, reserved 1048576K
}
Event: 8.646 GC heap before
{Heap before GC invocations=20 (full 0):
 garbage-first heap   total 118784K, used 92607K [0x0000000080000000, 0x0000000100000000)
  region size 1024K, 40 young (40960K), 1 survivors (1024K)
 Metaspace       used 68949K, committed 69504K, reserved 1114112K
  class space    used 9255K, committed 9536K, reserved 1048576K
}
Event: 8.649 GC heap after
{Heap after GC invocations=21 (full 0):
 garbage-first heap   total 245760K, used 56264K [0x0000000080000000, 0x0000000100000000)
  region size 1024K, 3 young (3072K), 3 survivors (3072K)
 Metaspace       used 68949K, committed 69504K, reserved 1114112K
  class space    used 9255K, committed 9536K, reserved 1048576K
}
Event: 10.043 GC heap before
{Heap before GC invocations=21 (full 0):
 garbage-first heap   total 245760K, used 174024K [0x0000000080000000, 0x0000000100000000)
  region size 1024K, 113 young (115712K), 3 survivors (3072K)
 Metaspace       used 77159K, committed 77760K, reserved 1179648K
  class space    used 10378K, committed 10688K, reserved 1048576K
}
Event: 10.050 GC heap after
{Heap after GC invocations=22 (full 0):
 garbage-first heap   total 245760K, used 65621K [0x0000000080000000, 0x0000000100000000)
  region size 1024K, 11 young (11264K), 11 survivors (11264K)
 Metaspace       used 77159K, committed 77760K, reserved 1179648K
  class space    used 10378K, committed 10688K, reserved 1048576K
}
Event: 12.013 GC heap before
{Heap before GC invocations=22 (full 0):
 garbage-first heap   total 245760K, used 179285K [0x0000000080000000, 0x0000000100000000)
  region size 1024K, 122 young (124928K), 11 survivors (11264K)
 Metaspace       used 85471K, committed 86080K, reserved 1179648K
  class space    used 11717K, committed 12032K, reserved 1048576K
}
Event: 12.081 GC heap after
{Heap after GC invocations=23 (full 0):
 garbage-first heap   total 245760K, used 69862K [0x0000000080000000, 0x0000000100000000)
  region size 1024K, 5 young (5120K), 5 survivors (5120K)
 Metaspace       used 85471K, committed 86080K, reserved 1179648K
  class space    used 11717K, committed 12032K, reserved 1048576K
}

