# JRE version: OpenJDK Runtime Environment (17.0.11) (build 17.0.11+0--11852314)
# Java VM: OpenJDK 64-Bit Server VM (17.0.11+0--11852314, mixed mode, tiered, compressed oops, compressed class ptrs, g1 gc, windows-amd64)
GC Precious Log:
 CPUs: 16 total, 16 available
 Memory: 7860M
 Large Page Support: Disabled
 NUMA Support: Disabled
 Compressed Oops: Enabled (32-bit)
 Heap Region Size: 1M
 Heap Min Capacity: 8M
 Heap Initial Capacity: 124M
 Heap Max Capacity: 2G
 Pre-touch: Disabled
 Parallel Workers: 13
 Concurrent Workers: 3
 Concurrent Refinement Workers: 13
 Periodic GC: Disabled
Heap:
 garbage-first heap   total 270336K, used 142168K [0x0000000080000000, 0x0000000100000000)
  region size 1024K, 1 young (1024K), 1 survivors (1024K)
 Metaspace       used 150809K, committed 151872K, reserved 1245184K
  class space    used 20896K, committed 21440K, reserved 1048576K
GC Heap History (20 events):
Event: 3249.294 GC heap after
{Heap after GC invocations=40 (full 0):
 garbage-first heap   total 268288K, used 119159K [0x0000000080000000, 0x0000000100000000)
  region size 1024K, 11 young (11264K), 11 survivors (11264K)
 Metaspace       used 126846K, committed 127744K, reserved 1179648K
  class space    used 16659K, committed 17088K, reserved 1048576K
}
Event: 3249.311 GC heap before
{Heap before GC invocations=40 (full 0):
 garbage-first heap   total 268288K, used 121207K [0x0000000080000000, 0x0000000100000000)
  region size 1024K, 13 young (13312K), 11 survivors (11264K)
 Metaspace       used 126848K, committed 127744K, reserved 1179648K
  class space    used 16659K, committed 17088K, reserved 1048576K
}
Event: 3249.349 GC heap after
{Heap after GC invocations=41 (full 0):
 garbage-first heap   total 268288K, used 101020K [0x0000000080000000, 0x0000000100000000)
  region size 1024K, 2 young (2048K), 2 survivors (2048K)
 Metaspace       used 126848K, committed 127744K, reserved 1179648K
  class space    used 16659K, committed 17088K, reserved 1048576K
}
Event: 3250.876 GC heap before
{Heap before GC invocations=41 (full 0):
 garbage-first heap   total 268288K, used 220828K [0x0000000080000000, 0x0000000100000000)
  region size 1024K, 116 young (118784K), 2 survivors (2048K)
 Metaspace       used 130180K, committed 131072K, reserved 1179648K
  class space    used 17133K, committed 17536K, reserved 1048576K
}
Event: 3250.882 GC heap after
{Heap after GC invocations=42 (full 0):
 garbage-first heap   total 268288K, used 109472K [0x0000000080000000, 0x0000000100000000)
  region size 1024K, 8 young (8192K), 8 survivors (8192K)
 Metaspace       used 130180K, committed 131072K, reserved 1179648K
  class space    used 17133K, committed 17536K, reserved 1048576K
}
Event: 3251.633 GC heap before
{Heap before GC invocations=43 (full 0):
 garbage-first heap   total 268288K, used 218016K [0x0000000080000000, 0x0000000100000000)
  region size 1024K, 115 young (117760K), 8 survivors (8192K)
 Metaspace       used 141689K, committed 142656K, reserved 1179648K
  class space    used 19326K, committed 19776K, reserved 1048576K
}
Event: 3251.644 GC heap after
{Heap after GC invocations=44 (full 0):
 garbage-first heap   total 268288K, used 116332K [0x0000000080000000, 0x0000000100000000)
  region size 1024K, 15 young (15360K), 15 survivors (15360K)
 Metaspace       used 141689K, committed 142656K, reserved 1179648K
  class space    used 19326K, committed 19776K, reserved 1048576K
}
Event: 3251.648 GC heap before
{Heap before GC invocations=44 (full 0):
 garbage-first heap   total 268288K, used 117356K [0x0000000080000000, 0x0000000100000000)
  region size 1024K, 16 young (16384K), 15 survivors (15360K)
 Metaspace       used 141802K, committed 142784K, reserved 1179648K
  class space    used 19331K, committed 19776K, reserved 1048576K
}
Event: 3251.662 GC heap after
{Heap after GC invocations=45 (full 0):
 garbage-first heap   total 268288K, used 109753K [0x0000000080000000, 0x0000000100000000)
  region size 1024K, 2 young (2048K), 2 survivors (2048K)
 Metaspace       used 141802K, committed 142784K, reserved 1179648K
  class space    used 19331K, committed 19776K, reserved 1048576K
}
Event: 3252.242 GC heap before
{Heap before GC invocations=45 (full 0):
 garbage-first heap   total 268288K, used 215225K [0x0000000080000000, 0x0000000100000000)
  region size 1024K, 105 young (107520K), 2 survivors (2048K)
 Metaspace       used 148971K, committed 150080K, reserved 1179648K
  class space    used 20591K, committed 21120K, reserved 1048576K
}
Event: 3252.245 GC heap after
{Heap after GC invocations=46 (full 0):
 garbage-first heap   total 268288K, used 110146K [0x0000000080000000, 0x0000000100000000)
  region size 1024K, 3 young (3072K), 3 survivors (3072K)
 Metaspace       used 148971K, committed 150080K, reserved 1179648K
  class space    used 20591K, committed 21120K, reserved 1048576K
}
Event: 3252.666 GC heap before
{Heap before GC invocations=46 (full 0):
 garbage-first heap   total 268288K, used 161346K [0x0000000080000000, 0x0000000100000000)
  region size 1024K, 54 young (55296K), 3 survivors (3072K)
 Metaspace       used 150623K, committed 151680K, reserved 1179648K
  class space    used 20900K, committed 21440K, reserved 1048576K
}
Event: 3252.671 GC heap after
{Heap after GC invocations=47 (full 0):
 garbage-first heap   total 268288K, used 110848K [0x0000000080000000, 0x0000000100000000)
  region size 1024K, 4 young (4096K), 4 survivors (4096K)
 Metaspace       used 150623K, committed 151680K, reserved 1179648K
  class space    used 20900K, committed 21440K, reserved 1048576K
}
Event: 3252.672 GC heap before
{Heap before GC invocations=47 (full 0):
 garbage-first heap   total 268288K, used 114944K [0x0000000080000000, 0x0000000100000000)
  region size 1024K, 5 young (5120K), 4 survivors (4096K)
 Metaspace       used 150623K, committed 151680K, reserved 1179648K
  class space    used 20900K, committed 21440K, reserved 1048576K
}
Event: 3252.675 GC heap after
{Heap after GC invocations=48 (full 0):
 garbage-first heap   total 268288K, used 114956K [0x0000000080000000, 0x0000000100000000)
  region size 1024K, 4 young (4096K), 4 survivors (4096K)
 Metaspace       used 150623K, committed 151680K, reserved 1179648K
  class space    used 20900K, committed 21440K, reserved 1048576K
}
Event: 3343.628 GC heap before
{Heap before GC invocations=49 (full 0):
 garbage-first heap   total 268288K, used 236627K [0x0000000080000000, 0x0000000100000000)
  region size 1024K, 111 young (113664K), 4 survivors (4096K)
 Metaspace       used 150809K, committed 151872K, reserved 1245184K
  class space    used 20896K, committed 21440K, reserved 1048576K
}
Event: 3343.736 GC heap after
{Heap after GC invocations=50 (full 0):
 garbage-first heap   total 270336K, used 141150K [0x0000000080000000, 0x0000000100000000)
  region size 1024K, 14 young (14336K), 14 survivors (14336K)
 Metaspace       used 150809K, committed 151872K, reserved 1245184K
  class space    used 20896K, committed 21440K, reserved 1048576K
}
Event: 3343.761 GC heap before
{Heap before GC invocations=50 (full 0):
 garbage-first heap   total 270336K, used 146270K [0x0000000080000000, 0x0000000100000000)
  region size 1024K, 15 young (15360K), 14 survivors (14336K)
 Metaspace       used 150809K, committed 151872K, reserved 1245184K
  class space    used 20896K, committed 21440K, reserved 1048576K
}
Event: 3343.786 GC heap after
{Heap after GC invocations=51 (full 0):
 garbage-first heap   total 270336K, used 142430K [0x0000000080000000, 0x0000000100000000)
  region size 1024K, 1 young (1024K), 1 survivors (1024K)
 Metaspace       used 150809K, committed 151872K, reserved 1245184K
  class space    used 20896K, committed 21440K, reserved 1048576K
}
Event: 3343.788 GC heap before
{Heap before GC invocations=51 (full 0):
 garbage-first heap   total 270336K, used 142430K [0x0000000080000000, 0x0000000100000000)
  region size 1024K, 2 young (2048K), 1 survivors (1024K)
 Metaspace       used 150809K, committed 151872K, reserved 1245184K
  class space    used 20896K, committed 21440K, reserved 1048576K
}

