# JRE version: OpenJDK Runtime Environment (17.0.11) (build 17.0.11+0--11852314)
# Java VM: OpenJDK 64-Bit Server VM (17.0.11+0--11852314, mixed mode, tiered, compressed oops, compressed class ptrs, g1 gc, windows-amd64)
GC Precious Log:
 CPUs: 16 total, 16 available
 Memory: 7860M
 Large Page Support: Disabled
 NUMA Support: Disabled
 Compressed Oops: Enabled (32-bit)
 Heap Region Size: 1M
 Heap Min Capacity: 8M
 Heap Initial Capacity: 124M
 Heap Max Capacity: 2G
 Pre-touch: Disabled
 Parallel Workers: 13
 Concurrent Workers: 3
 Concurrent Refinement Workers: 13
 Periodic GC: Disabled
Heap:
 garbage-first heap   total 76800K, used 31871K [0x0000000080000000, 0x0000000100000000)
  region size 1024K, 4 young (4096K), 4 survivors (4096K)
 Metaspace       used 45476K, committed 45952K, reserved 1114112K
  class space    used 6144K, committed 6400K, reserved 1048576K
GC Heap History (19 events):
Event: 1.122 GC heap before
{Heap before GC invocations=0 (full 0):
 garbage-first heap   total 126976K, used 26624K [0x0000000080000000, 0x0000000100000000)
  region size 1024K, 23 young (23552K), 0 survivors (0K)
 Metaspace       used 10463K, committed 10560K, reserved 1114112K
  class space    used 1083K, committed 1152K, reserved 1048576K
}
Event: 1.128 GC heap after
{Heap after GC invocations=1 (full 0):
 garbage-first heap   total 126976K, used 10448K [0x0000000080000000, 0x0000000100000000)
  region size 1024K, 3 young (3072K), 3 survivors (3072K)
 Metaspace       used 10463K, committed 10560K, reserved 1114112K
  class space    used 1083K, committed 1152K, reserved 1048576K
}
Event: 1.679 GC heap before
{Heap before GC invocations=1 (full 0):
 garbage-first heap   total 126976K, used 38096K [0x0000000080000000, 0x0000000100000000)
  region size 1024K, 30 young (30720K), 3 survivors (3072K)
 Metaspace       used 11514K, committed 11712K, reserved 1114112K
  class space    used 1199K, committed 1280K, reserved 1048576K
}
Event: 1.684 GC heap after
{Heap after GC invocations=2 (full 0):
 garbage-first heap   total 126976K, used 11528K [0x0000000080000000, 0x0000000100000000)
  region size 1024K, 1 young (1024K), 1 survivors (1024K)
 Metaspace       used 11514K, committed 11712K, reserved 1114112K
  class space    used 1199K, committed 1280K, reserved 1048576K
}
Event: 6.572 GC heap before
{Heap before GC invocations=2 (full 0):
 garbage-first heap   total 126976K, used 61704K [0x0000000080000000, 0x0000000100000000)
  region size 1024K, 50 young (51200K), 1 survivors (1024K)
 Metaspace       used 21242K, committed 21504K, reserved 1114112K
  class space    used 2488K, committed 2624K, reserved 1048576K
}
Event: 6.716 GC heap after
{Heap after GC invocations=3 (full 0):
 garbage-first heap   total 126976K, used 19082K [0x0000000080000000, 0x0000000100000000)
  region size 1024K, 9 young (9216K), 9 survivors (9216K)
 Metaspace       used 21242K, committed 21504K, reserved 1114112K
  class space    used 2488K, committed 2624K, reserved 1048576K
}
Event: 8.177 GC heap before
{Heap before GC invocations=4 (full 0):
 garbage-first heap   total 71680K, used 51850K [0x0000000080000000, 0x0000000100000000)
  region size 1024K, 42 young (43008K), 9 survivors (9216K)
 Metaspace       used 26486K, committed 26688K, reserved 1114112K
  class space    used 3361K, committed 3456K, reserved 1048576K
}
Event: 8.192 GC heap after
{Heap after GC invocations=5 (full 0):
 garbage-first heap   total 71680K, used 20902K [0x0000000080000000, 0x0000000100000000)
  region size 1024K, 2 young (2048K), 2 survivors (2048K)
 Metaspace       used 26486K, committed 26688K, reserved 1114112K
  class space    used 3361K, committed 3456K, reserved 1048576K
}
Event: 9.074 GC heap before
{Heap before GC invocations=5 (full 0):
 garbage-first heap   total 71680K, used 49574K [0x0000000080000000, 0x0000000100000000)
  region size 1024K, 30 young (30720K), 2 survivors (2048K)
 Metaspace       used 30292K, committed 30656K, reserved 1114112K
  class space    used 3997K, committed 4160K, reserved 1048576K
}
Event: 9.079 GC heap after
{Heap after GC invocations=6 (full 0):
 garbage-first heap   total 71680K, used 22391K [0x0000000080000000, 0x0000000100000000)
  region size 1024K, 4 young (4096K), 4 survivors (4096K)
 Metaspace       used 30292K, committed 30656K, reserved 1114112K
  class space    used 3997K, committed 4160K, reserved 1048576K
}
Event: 10.233 GC heap before
{Heap before GC invocations=6 (full 0):
 garbage-first heap   total 71680K, used 51063K [0x0000000080000000, 0x0000000100000000)
  region size 1024K, 32 young (32768K), 4 survivors (4096K)
 Metaspace       used 33855K, committed 34176K, reserved 1114112K
  class space    used 4584K, committed 4736K, reserved 1048576K
}
Event: 10.239 GC heap after
{Heap after GC invocations=7 (full 0):
 garbage-first heap   total 71680K, used 23806K [0x0000000080000000, 0x0000000100000000)
  region size 1024K, 4 young (4096K), 4 survivors (4096K)
 Metaspace       used 33855K, committed 34176K, reserved 1114112K
  class space    used 4584K, committed 4736K, reserved 1048576K
}
Event: 10.538 GC heap before
{Heap before GC invocations=7 (full 0):
 garbage-first heap   total 71680K, used 35070K [0x0000000080000000, 0x0000000100000000)
  region size 1024K, 17 young (17408K), 4 survivors (4096K)
 Metaspace       used 35667K, committed 35968K, reserved 1114112K
  class space    used 4854K, committed 4992K, reserved 1048576K
}
Event: 10.546 GC heap after
{Heap after GC invocations=8 (full 0):
 garbage-first heap   total 71680K, used 24323K [0x0000000080000000, 0x0000000100000000)
  region size 1024K, 2 young (2048K), 2 survivors (2048K)
 Metaspace       used 35667K, committed 35968K, reserved 1114112K
  class space    used 4854K, committed 4992K, reserved 1048576K
}
Event: 11.572 GC heap before
{Heap before GC invocations=9 (full 0):
 garbage-first heap   total 71680K, used 54019K [0x0000000080000000, 0x0000000100000000)
  region size 1024K, 32 young (32768K), 2 survivors (2048K)
 Metaspace       used 41450K, committed 41792K, reserved 1114112K
  class space    used 5477K, committed 5632K, reserved 1048576K
}
Event: 11.582 GC heap after
{Heap after GC invocations=10 (full 0):
 garbage-first heap   total 71680K, used 27948K [0x0000000080000000, 0x0000000100000000)
  region size 1024K, 4 young (4096K), 4 survivors (4096K)
 Metaspace       used 41450K, committed 41792K, reserved 1114112K
  class space    used 5477K, committed 5632K, reserved 1048576K
}
Event: 11.838 GC heap before
{Heap before GC invocations=10 (full 0):
 garbage-first heap   total 71680K, used 54572K [0x0000000080000000, 0x0000000100000000)
  region size 1024K, 30 young (30720K), 4 survivors (4096K)
 Metaspace       used 42551K, committed 42944K, reserved 1114112K
  class space    used 5652K, committed 5824K, reserved 1048576K
}
Event: 11.846 GC heap after
{Heap after GC invocations=11 (full 0):
 garbage-first heap   total 71680K, used 30043K [0x0000000080000000, 0x0000000100000000)
  region size 1024K, 2 young (2048K), 2 survivors (2048K)
 Metaspace       used 42551K, committed 42944K, reserved 1114112K
  class space    used 5652K, committed 5824K, reserved 1048576K
}
Event: 12.422 GC heap before
{Heap before GC invocations=11 (full 0):
 garbage-first heap   total 71680K, used 55643K [0x0000000080000000, 0x0000000100000000)
  region size 1024K, 27 young (27648K), 2 survivors (2048K)
 Metaspace       used 45476K, committed 45952K, reserved 1114112K
  class space    used 6144K, committed 6400K, reserved 1048576K
}

