# JRE version: OpenJDK Runtime Environment (17.0.11) (build 17.0.11+0--11852314)
# Java VM: OpenJDK 64-Bit Server VM (17.0.11+0--11852314, mixed mode, tiered, compressed oops, compressed class ptrs, g1 gc, windows-amd64)
GC Precious Log:
 CPUs: 16 total, 16 available
 Memory: 7860M
 Large Page Support: Disabled
 NUMA Support: Disabled
 Compressed Oops: Enabled (32-bit)
 Heap Region Size: 1M
 Heap Min Capacity: 8M
 Heap Initial Capacity: 124M
 Heap Max Capacity: 2G
 Pre-touch: Disabled
 Parallel Workers: 13
 Concurrent Workers: 3
 Concurrent Refinement Workers: 13
 Periodic GC: Disabled
Heap:
 garbage-first heap   total 195584K, used 120421K [0x0000000080000000, 0x0000000100000000)
  region size 1024K, 21 young (21504K), 2 survivors (2048K)
 Metaspace       used 107386K, committed 108224K, reserved 1179648K
  class space    used 14297K, committed 14720K, reserved 1048576K
GC Heap History (20 events):
Event: 10.197 GC heap before
{Heap before GC invocations=29 (full 0):
 garbage-first heap   total 162816K, used 102693K [0x0000000080000000, 0x0000000100000000)
  region size 1024K, 33 young (33792K), 7 survivors (7168K)
 Metaspace       used 95468K, committed 96192K, reserved 1179648K
  class space    used 13079K, committed 13440K, reserved 1048576K
}
Event: 10.202 GC heap after
{Heap after GC invocations=30 (full 0):
 garbage-first heap   total 162816K, used 82289K [0x0000000080000000, 0x0000000100000000)
  region size 1024K, 8 young (8192K), 8 survivors (8192K)
 Metaspace       used 95468K, committed 96192K, reserved 1179648K
  class space    used 13079K, committed 13440K, reserved 1048576K
}
Event: 10.671 GC heap before
{Heap before GC invocations=31 (full 0):
 garbage-first heap   total 162816K, used 132465K [0x0000000080000000, 0x0000000100000000)
  region size 1024K, 56 young (57344K), 8 survivors (8192K)
 Metaspace       used 98295K, committed 99072K, reserved 1179648K
  class space    used 13459K, committed 13824K, reserved 1048576K
}
Event: 10.676 GC heap after
{Heap after GC invocations=32 (full 0):
 garbage-first heap   total 162816K, used 83957K [0x0000000080000000, 0x0000000100000000)
  region size 1024K, 6 young (6144K), 6 survivors (6144K)
 Metaspace       used 98295K, committed 99072K, reserved 1179648K
  class space    used 13459K, committed 13824K, reserved 1048576K
}
Event: 10.678 GC heap before
{Heap before GC invocations=32 (full 0):
 garbage-first heap   total 162816K, used 84981K [0x0000000080000000, 0x0000000100000000)
  region size 1024K, 7 young (7168K), 6 survivors (6144K)
 Metaspace       used 98296K, committed 99072K, reserved 1179648K
  class space    used 13459K, committed 13824K, reserved 1048576K
}
Event: 10.680 GC heap after
{Heap after GC invocations=33 (full 0):
 garbage-first heap   total 162816K, used 83797K [0x0000000080000000, 0x0000000100000000)
  region size 1024K, 1 young (1024K), 1 survivors (1024K)
 Metaspace       used 98296K, committed 99072K, reserved 1179648K
  class space    used 13459K, committed 13824K, reserved 1048576K
}
Event: 11.023 GC heap before
{Heap before GC invocations=33 (full 0):
 garbage-first heap   total 162816K, used 130901K [0x0000000080000000, 0x0000000100000000)
  region size 1024K, 48 young (49152K), 1 survivors (1024K)
 Metaspace       used 98750K, committed 99520K, reserved 1179648K
  class space    used 13497K, committed 13888K, reserved 1048576K
}
Event: 11.027 GC heap after
{Heap after GC invocations=34 (full 0):
 garbage-first heap   total 195584K, used 87112K [0x0000000080000000, 0x0000000100000000)
  region size 1024K, 5 young (5120K), 5 survivors (5120K)
 Metaspace       used 98750K, committed 99520K, reserved 1179648K
  class space    used 13497K, committed 13888K, reserved 1048576K
}
Event: 11.516 GC heap before
{Heap before GC invocations=35 (full 0):
 garbage-first heap   total 195584K, used 155720K [0x0000000080000000, 0x0000000100000000)
  region size 1024K, 73 young (74752K), 5 survivors (5120K)
 Metaspace       used 99227K, committed 99968K, reserved 1179648K
  class space    used 13547K, committed 13888K, reserved 1048576K
}
Event: 11.519 GC heap after
{Heap after GC invocations=36 (full 0):
 garbage-first heap   total 195584K, used 89781K [0x0000000080000000, 0x0000000100000000)
  region size 1024K, 7 young (7168K), 7 survivors (7168K)
 Metaspace       used 99227K, committed 99968K, reserved 1179648K
  class space    used 13547K, committed 13888K, reserved 1048576K
}
Event: 11.525 GC heap before
{Heap before GC invocations=36 (full 0):
 garbage-first heap   total 195584K, used 91829K [0x0000000080000000, 0x0000000100000000)
  region size 1024K, 9 young (9216K), 7 survivors (7168K)
 Metaspace       used 99227K, committed 99968K, reserved 1179648K
  class space    used 13547K, committed 13888K, reserved 1048576K
}
Event: 11.528 GC heap after
{Heap after GC invocations=37 (full 0):
 garbage-first heap   total 195584K, used 88882K [0x0000000080000000, 0x0000000100000000)
  region size 1024K, 2 young (2048K), 2 survivors (2048K)
 Metaspace       used 99227K, committed 99968K, reserved 1179648K
  class space    used 13547K, committed 13888K, reserved 1048576K
}
Event: 12.007 GC heap before
{Heap before GC invocations=37 (full 0):
 garbage-first heap   total 195584K, used 155442K [0x0000000080000000, 0x0000000100000000)
  region size 1024K, 68 young (69632K), 2 survivors (2048K)
 Metaspace       used 102608K, committed 103360K, reserved 1179648K
  class space    used 13927K, committed 14272K, reserved 1048576K
}
Event: 12.010 GC heap after
{Heap after GC invocations=38 (full 0):
 garbage-first heap   total 195584K, used 92295K [0x0000000080000000, 0x0000000100000000)
  region size 1024K, 5 young (5120K), 5 survivors (5120K)
 Metaspace       used 102608K, committed 103360K, reserved 1179648K
  class space    used 13927K, committed 14272K, reserved 1048576K
}
Event: 64.928 GC heap before
{Heap before GC invocations=38 (full 0):
 garbage-first heap   total 195584K, used 156807K [0x0000000080000000, 0x0000000100000000)
  region size 1024K, 69 young (70656K), 5 survivors (5120K)
 Metaspace       used 106288K, committed 107136K, reserved 1179648K
  class space    used 14241K, committed 14656K, reserved 1048576K
}
Event: 64.978 GC heap after
{Heap after GC invocations=39 (full 0):
 garbage-first heap   total 195584K, used 97019K [0x0000000080000000, 0x0000000100000000)
  region size 1024K, 9 young (9216K), 9 survivors (9216K)
 Metaspace       used 106288K, committed 107136K, reserved 1179648K
  class space    used 14241K, committed 14656K, reserved 1048576K
}
Event: 221.788 GC heap before
{Heap before GC invocations=39 (full 0):
 garbage-first heap   total 195584K, used 158459K [0x0000000080000000, 0x0000000100000000)
  region size 1024K, 69 young (70656K), 9 survivors (9216K)
 Metaspace       used 106889K, committed 107712K, reserved 1179648K
  class space    used 14274K, committed 14656K, reserved 1048576K
}
Event: 221.981 GC heap after
{Heap after GC invocations=40 (full 0):
 garbage-first heap   total 195584K, used 102422K [0x0000000080000000, 0x0000000100000000)
  region size 1024K, 6 young (6144K), 6 survivors (6144K)
 Metaspace       used 106889K, committed 107712K, reserved 1179648K
  class space    used 14274K, committed 14656K, reserved 1048576K
}
Event: 257.613 GC heap before
{Heap before GC invocations=40 (full 0):
 garbage-first heap   total 195584K, used 158742K [0x0000000080000000, 0x0000000100000000)
  region size 1024K, 62 young (63488K), 6 survivors (6144K)
 Metaspace       used 107331K, committed 108224K, reserved 1179648K
  class space    used 14295K, committed 14720K, reserved 1048576K
}
Event: 257.674 GC heap after
{Heap after GC invocations=41 (full 0):
 garbage-first heap   total 195584K, used 101989K [0x0000000080000000, 0x0000000100000000)
  region size 1024K, 2 young (2048K), 2 survivors (2048K)
 Metaspace       used 107331K, committed 108224K, reserved 1179648K
  class space    used 14295K, committed 14720K, reserved 1048576K
}

